<?xml version="1.0" encoding="UTF-8"?>
<testsuite xmlns:xsi="http://www.w3.org/2001/XMLSchema-instance" xsi:noNamespaceSchemaLocation="https://maven.apache.org/surefire/maven-surefire-plugin/xsd/surefire-test-report-3.0.xsd" version="3.0" name="com.demo.AppTest" time="0.122" tests="2" errors="0" skipped="0" failures="0">
  <properties>
[...]
</properties>
  <testcase name="testApplicationLoads" classname="com.demo.AppTest" time="0.057">
    <system-out><![CDATA[Running test: Application loads successfully
]]></system-out>
  </testcase>
  <testcase name="testMainClassExists" classname="com.demo.AppTest" time="0.004">
    <system-out><![CDATA[Running test: Main class exists
]]></system-out>
  </testcase>
</testsuite>